<?xml version="1.0" encoding="UTF-8"?>
<!-- Generated by org.testng.reporters.JUnitXMLReporter -->
<testsuite hostname="MUMTEWD0500" name="Command line test 11ea9c3c-2ef6-4b9d-9b84-5ae03c100e9c" tests="1" failures="0" timestamp="9 Aug 2018 05:44:55 GMT" time="0.043" errors="0">
  <testcase name="@BeforeClass openBrowser" time="0.0" classname="com.TIautomation.TimesInfluence.TIlogin">
    <failure type="java.lang.IllegalStateException" message="The path to the driver executable must be set by the webdriver.chrome.driver system property; for more information, see https://github.com/SeleniumHQ/selenium/wiki/ChromeDriver. The latest version can be downloaded from http://chromedriver.storage.googleapis.com/index.html">
      <![CDATA[java.lang.IllegalStateException: The path to the driver executable must be set by the webdriver.chrome.driver system property; for more information, see https://github.com/SeleniumHQ/selenium/wiki/ChromeDriver. The latest version can be downloaded from http://chromedriver.storage.googleapis.com/index.html
	at com.google.common.base.Preconditions.checkState(Preconditions.java:177)
	at org.openqa.selenium.remote.service.DriverService.findExecutable(DriverService.java:109)
	at org.openqa.selenium.chrome.ChromeDriverService.access$000(ChromeDriverService.java:32)
	at org.openqa.selenium.chrome.ChromeDriverService$Builder.findDefaultExecutable(ChromeDriverService.java:137)
	at org.openqa.selenium.remote.service.DriverService$Builder.build(DriverService.java:296)
	at org.openqa.selenium.chrome.ChromeDriverService.createDefaultService(ChromeDriverService.java:88)
	at org.openqa.selenium.chrome.ChromeDriver.<init>(ChromeDriver.java:116)
	at com.mentorstudies.automationframework.util.impl.DefaultDriverManager.getDriver(DefaultDriverManager.java:26)
	at com.TIautomation.TimesInfluence.TIlogin.openBrowser(TIlogin.java:31)
	at com.mentorstudies.automationframework.TestRunner.main(TestRunner.java:117)
	at org.codehaus.mojo.exec.ExecJavaMojo$1.run(ExecJavaMojo.java:294)
	at java.lang.Thread.run(Thread.java:748)
... Removed 25 stack frames]]>
    </failure>
  </testcase> <!-- @BeforeClass openBrowser -->
  <testcase name="@AfterClass tearBrowser" time="0.0" classname="com.TIautomation.TimesInfluence.TIlogin">
    <skipped/>
  </testcase> <!-- @AfterClass tearBrowser -->
  <testcase name="tiLogin" time="0.0" classname="com.TIautomation.TimesInfluence.TIlogin">
    <skipped/>
  </testcase> <!-- tiLogin -->
</testsuite> <!-- Command line test 11ea9c3c-2ef6-4b9d-9b84-5ae03c100e9c -->
